<?xml version="1.0" encoding="UTF-8" ?>
<testsuite tests="24" failures="0" name="testCases.CopyOfRunCukesTest" time="112.683" errors="0" skipped="0">
  <properties>
    <property name="java.runtime.name" value="Java(TM) SE Runtime Environment"/>
    <property name="sun.boot.library.path" value="C:\Program Files\Java\jre1.8.0_121\bin"/>
    <property name="java.vm.version" value="25.121-b13"/>
    <property name="java.vm.vendor" value="Oracle Corporation"/>
    <property name="java.vendor.url" value="http://java.oracle.com/"/>
    <property name="path.separator" value=";"/>
    <property name="guice.disable.misplaced.annotation.check" value="true"/>
    <property name="java.vm.name" value="Java HotSpot(TM) Client VM"/>
    <property name="file.encoding.pkg" value="sun.io"/>
    <property name="user.script" value=""/>
    <property name="user.country" value="US"/>
    <property name="sun.java.launcher" value="SUN_STANDARD"/>
    <property name="sun.os.patch.level" value=""/>
    <property name="java.vm.specification.name" value="Java Virtual Machine Specification"/>
    <property name="user.dir" value="C:\Users\Arpit\workspace\BDDautomation"/>
    <property name="java.runtime.version" value="1.8.0_121-b13"/>
    <property name="java.awt.graphicsenv" value="sun.awt.Win32GraphicsEnvironment"/>
    <property name="java.endorsed.dirs" value="C:\Program Files\Java\jre1.8.0_121\lib\endorsed"/>
    <property name="os.arch" value="x86"/>
    <property name="java.io.tmpdir" value="C:\Users\Arpit\AppData\Local\Temp\"/>
    <property name="line.separator" value="
"/>
    <property name="java.vm.specification.vendor" value="Oracle Corporation"/>
    <property name="user.variant" value=""/>
    <property name="os.name" value="Windows 8"/>
    <property name="classworlds.conf" value="C:\Users\Arpit\workspace\.metadata\.plugins\org.eclipse.m2e.core\launches\m2conf2009132038668187661.tmp"/>
    <property name="sun.jnu.encoding" value="Cp1252"/>
    <property name="java.library.path" value="C:\Program Files\Java\jre1.8.0_121\bin;C:\Windows\Sun\Java\bin;C:\Windows\system32;C:\Windows;C:/Program Files/Java/jre1.8.0_121/bin/client;C:/Program Files/Java/jre1.8.0_121/bin;C:/Program Files/Java/jre1.8.0_121/lib/i386;C:\Python27\Tools\Scripts;C:\Python27;C:\Python27\Scripts;C:\ProgramData\Oracle\Java\javapath;C:\Program Files\PC Connectivity Solution\;C:\Program Files\Intel\iCLS Client\;C:\Windows\system32;C:\Windows;C:\Windows\System32\Wbem;C:\Windows\System32\WindowsPowerShell\v1.0\;C:\Program Files\Intel\Intel(R) Management Engine Components\DAL;C:\Program Files\Intel\Intel(R) Management Engine Components\IPT;C:\Program Files\Java\jdk1.7.0_10\bin;C:\eclipse-java-juno-SR2-win32\eclipse;;."/>
    <property name="java.specification.name" value="Java Platform API Specification"/>
    <property name="java.class.version" value="52.0"/>
    <property name="sun.management.compiler" value="HotSpot Client Compiler"/>
    <property name="os.version" value="6.2"/>
    <property name="user.home" value="C:\Users\Arpit"/>
    <property name="user.timezone" value="Asia/Calcutta"/>
    <property name="java.awt.printerjob" value="sun.awt.windows.WPrinterJob"/>
    <property name="java.specification.version" value="1.8"/>
    <property name="file.encoding" value="Cp1252"/>
    <property name="user.name" value="Arpit"/>
    <property name="java.class.path" value="/C:/eclipse-java-juno-SR2-win32/eclipse/configuration/org.eclipse.osgi/bundles/240/1/.cp/jars/plexus-classworlds-2.4.jar"/>
    <property name="java.vm.specification.version" value="1.8"/>
    <property name="sun.arch.data.model" value="32"/>
    <property name="java.home" value="C:\Program Files\Java\jre1.8.0_121"/>
    <property name="sun.java.command" value="org.codehaus.plexus.classworlds.launcher.Launcher -B test"/>
    <property name="java.specification.vendor" value="Oracle Corporation"/>
    <property name="user.language" value="en"/>
    <property name="awt.toolkit" value="sun.awt.windows.WToolkit"/>
    <property name="java.vm.info" value="mixed mode, sharing"/>
    <property name="java.version" value="1.8.0_121"/>
    <property name="java.ext.dirs" value="C:\Program Files\Java\jre1.8.0_121\lib\ext;C:\Windows\Sun\Java\lib\ext"/>
    <property name="sun.boot.class.path" value="C:\Program Files\Java\jre1.8.0_121\lib\resources.jar;C:\Program Files\Java\jre1.8.0_121\lib\rt.jar;C:\Program Files\Java\jre1.8.0_121\lib\sunrsasign.jar;C:\Program Files\Java\jre1.8.0_121\lib\jsse.jar;C:\Program Files\Java\jre1.8.0_121\lib\jce.jar;C:\Program Files\Java\jre1.8.0_121\lib\charsets.jar;C:\Program Files\Java\jre1.8.0_121\lib\jfr.jar;C:\Program Files\Java\jre1.8.0_121\classes"/>
    <property name="java.vendor" value="Oracle Corporation"/>
    <property name="maven.home" value="C:\Users\Arpit\workspace\BDDautomation\EMBEDDED"/>
    <property name="file.separator" value="\"/>
    <property name="java.vendor.url.bug" value="http://bugreport.sun.com/bugreport/"/>
    <property name="sun.cpu.endian" value="little"/>
    <property name="sun.io.unicode.encoding" value="UnicodeLittle"/>
    <property name="sun.desktop" value="windows"/>
    <property name="sun.cpu.isalist" value="pentium_pro+mmx pentium_pro pentium+mmx pentium i486 i386 i86"/>
  </properties>
  <testcase classname="Given User is on the Login page   " name="Given User is on the Login page   " time="0"/>
  <testcase classname="When user enters username    " name="When user enters username    " time="0"/>
  <testcase classname="And user enters password     " name="And user enters password     " time="0"/>
  <testcase classname="And User clicks on sigin button      " name="And User clicks on sigin button      " time="0"/>
  <testcase classname="Then User should be logged in       " name="Then User should be logged in       " time="0"/>
  <testcase classname="Scenario: With Valid Credentials  " name="Scenario: With Valid Credentials  " time="0"/>
  <testcase classname="Given User is on the Login page           " name="Given User is on the Login page           " time="0"/>
  <testcase classname="When User enters incorrect username \&quot;abc\&quot;            " name="When User enters incorrect username \&quot;abc\&quot;            " time="0"/>
  <testcase classname="And User enters incorrect password \&quot;abc\&quot;             " name="And User enters incorrect password \&quot;abc\&quot;             " time="0"/>
  <testcase classname="And User clicks on sigin button \&quot;arp\&quot; \&quot;ank\&quot; \&quot;sev\&quot;              " name="And User clicks on sigin button \&quot;arp\&quot; \&quot;ank\&quot; \&quot;sev\&quot;              " time="0"/>
  <testcase classname="Then User should not be logged in               " name="Then User should not be logged in               " time="0"/>
  <testcase classname="| abc |  | abc |          " name="| abc |  | abc |          " time="0.001"/>
  <testcase classname="Given User is on the Login page                 " name="Given User is on the Login page                 " time="0"/>
  <testcase classname="When User enters incorrect username \&quot;def\&quot;                  " name="When User enters incorrect username \&quot;def\&quot;                  " time="0"/>
  <testcase classname="And User enters incorrect password \&quot;def\&quot;                   " name="And User enters incorrect password \&quot;def\&quot;                   " time="0"/>
  <testcase classname="And User clicks on sigin button \&quot;arp\&quot; \&quot;ank\&quot; \&quot;sev\&quot;                    " name="And User clicks on sigin button \&quot;arp\&quot; \&quot;ank\&quot; \&quot;sev\&quot;                    " time="0"/>
  <testcase classname="Then User should not be logged in                     " name="Then User should not be logged in                     " time="0"/>
  <testcase classname="| def |  | def |                " name="| def |  | def |                " time="0.001"/>
  <testcase classname="Given User is on the Login page                       " name="Given User is on the Login page                       " time="0"/>
  <testcase classname="When User enters incorrect username \&quot;xyz\&quot;                        " name="When User enters incorrect username \&quot;xyz\&quot;                        " time="0"/>
  <testcase classname="And User enters incorrect password \&quot;xyzz\&quot;                         " name="And User enters incorrect password \&quot;xyzz\&quot;                         " time="0"/>
  <testcase classname="And User clicks on sigin button \&quot;arp\&quot; \&quot;ank\&quot; \&quot;sev\&quot;                          " name="And User clicks on sigin button \&quot;arp\&quot; \&quot;ank\&quot; \&quot;sev\&quot;                          " time="0"/>
  <testcase classname="Then User should not be logged in                           " name="Then User should not be logged in                           " time="0"/>
  <testcase classname="| xyz |  | xyzz |                      " name="| xyz |  | xyzz |                      " time="0"/>
</testsuite>